#
# There is insufficient memory for the Java Runtime Environment to continue.
# Native memory allocation (mmap) failed to map 536870912 bytes for Failed to commit area from 0x0000000601200000 to 0x0000000621200000 of length 536870912.
# Possible reasons:
#   The system is out of physical RAM or swap space
#   The process is running with CompressedOops enabled, and the Java Heap may be blocking the growth of the native heap
# Possible solutions:
#   Reduce memory load on the system
#   Increase physical memory or swap space
#   Check if swap backing store is full
#   Decrease Java heap size (-Xmx/-Xms)
#   Decrease number of Java threads
#   Decrease Java thread stack sizes (-Xss)
#   Set larger code cache with -XX:ReservedCodeCacheSize=
# This output file may be truncated or incomplete.
#
#  Out of Memory Error (./src/hotspot/os/windows/os_windows.cpp:3619), pid=10128, tid=27756
#
# JRE version:  (11.0.13+7) (build )
# Java VM: OpenJDK 64-Bit Server VM (11.0.13+7-b1751.25, mixed mode, sharing, tiered, compressed oops, g1 gc, windows-amd64)
# No core dump will be written. Minidumps are not enabled by default on client versions of Windows
#

---------------  S U M M A R Y ------------

Command Line: git4idea.http.GitAskPassApp Username for 'https://github.com': 

Host: AMD Ryzen 5 3600 6-Core Processor              , 12 cores, 31G,  Windows 11 , 64 bit Build 22000 (10.0.22000.434)
Time: Thu Feb 17 18:03:41 2022 E. Africa Standard Time elapsed time: 0.009921 seconds (0d 0h 0m 0s)

---------------  T H R E A D  ---------------

Current thread (0x000001effb79f000):  JavaThread "Unknown thread" [_thread_in_vm, id=27756, stack(0x0000009c99100000,0x0000009c99200000)]

Stack: [0x0000009c99100000,0x0000009c99200000]
Native frames: (J=compiled Java code, j=interpreted, Vv=VM code, C=native code)
V  [jvm.dll+0x613daa]
V  [jvm.dll+0x799b30]
V  [jvm.dll+0x79b14d]
V  [jvm.dll+0x79b823]
V  [jvm.dll+0x24c958]
V  [jvm.dll+0x610e24]
V  [jvm.dll+0x605b25]
V  [jvm.dll+0x30aaab]
V  [jvm.dll+0x30aa1a]
V  [jvm.dll+0x30a8f2]
V  [jvm.dll+0x30f856]
V  [jvm.dll+0x359143]
V  [jvm.dll+0x359846]
V  [jvm.dll+0x359243]
V  [jvm.dll+0x2e57a8]
V  [jvm.dll+0x2e6947]
V  [jvm.dll+0x776d47]
V  [jvm.dll+0x77853c]
V  [jvm.dll+0x3666c9]
V  [jvm.dll+0x75a9ce]
V  [jvm.dll+0x3d47d3]
V  [jvm.dll+0x3d6d21]
C  [jli.dll+0x536b]
C  [ucrtbase.dll+0x26c0c]
C  [KERNEL32.DLL+0x154e0]
C  [ntdll.dll+0x485b]


---------------  P R O C E S S  ---------------

Threads class SMR info:
_java_thread_list=0x000001eff9616790, length=0, elements={
}

Java Threads: ( => current thread )

Other Threads:
  0x000001effb7b8800 GCTaskThread "GC Thread#0" [stack: 0x0000009c99200000,0x0000009c99300000] [id=22196]
  0x000001effb83a800 ConcurrentGCThread "G1 Main Marker" [stack: 0x0000009c99300000,0x0000009c99400000] [id=13272]
  0x000001effb83c000 ConcurrentGCThread "G1 Conc#0" [stack: 0x0000009c99400000,0x0000009c99500000] [id=37704]

[error occurred during error reporting (printing all threads), id 0xc0000005, EXCEPTION_ACCESS_VIOLATION (0xc0000005) at pc=0x00007ff8668a5c97]

VM state:not at safepoint (not fully initialized)

VM Mutex/Monitor currently owned by a thread:  ([mutex/lock_event])
[0x000001effb79b6d0] Heap_lock - owner thread: 0x000001effb79f000

Heap address: 0x0000000601200000, size: 8174 MB, Compressed Oops mode: Non-zero based: 0x0000000601200000
Narrow klass base: 0x0000000000000000, Narrow klass shift: 0

GC Heap History (0 events):
No events

Deoptimization events (0 events):
No events

Classes redefined (0 events):
No events

Internal exceptions (0 events):
No events

Events (1 events):
Event: 0.007 Loaded shared library C:\Program Files\JetBrains\PhpStorm 2021.3.1\jbr\bin\zip.dll


Dynamic libraries:
0x00007ff702350000 - 0x00007ff70235a000 	C:\Program Files\JetBrains\PhpStorm 2021.3.1\jbr\bin\java.exe
0x00007ff8db160000 - 0x00007ff8db369000 	C:\WINDOWS\SYSTEM32\ntdll.dll
0x00007ff8d9000000 - 0x00007ff8d90bd000 	C:\WINDOWS\System32\KERNEL32.DLL
0x00007ff8d8a00000 - 0x00007ff8d8d74000 	C:\WINDOWS\System32\KERNELBASE.dll
0x00007ff8d8d80000 - 0x00007ff8d8e91000 	C:\WINDOWS\System32\ucrtbase.dll
0x00007ff8cd1a0000 - 0x00007ff8cd1b9000 	C:\Program Files\JetBrains\PhpStorm 2021.3.1\jbr\bin\jli.dll
0x00007ff8cd0f0000 - 0x00007ff8cd107000 	C:\Program Files\JetBrains\PhpStorm 2021.3.1\jbr\bin\VCRUNTIME140.dll
0x00007ff8dac20000 - 0x00007ff8dadcc000 	C:\WINDOWS\System32\USER32.dll
0x00007ff8bd550000 - 0x00007ff8bd7f5000 	C:\WINDOWS\WinSxS\amd64_microsoft.windows.common-controls_6595b64144ccf1df_6.0.22000.120_none_9d947278b86cc467\COMCTL32.dll
0x00007ff8d87f0000 - 0x00007ff8d8816000 	C:\WINDOWS\System32\win32u.dll
0x00007ff8d94b0000 - 0x00007ff8d9553000 	C:\WINDOWS\System32\msvcrt.dll
0x00007ff8db0f0000 - 0x00007ff8db119000 	C:\WINDOWS\System32\GDI32.dll
0x00007ff8d8650000 - 0x00007ff8d8762000 	C:\WINDOWS\System32\gdi32full.dll
0x00007ff8d8f60000 - 0x00007ff8d8ffd000 	C:\WINDOWS\System32\msvcp_win.dll
0x00007ff8dab20000 - 0x00007ff8dab51000 	C:\WINDOWS\System32\IMM32.DLL
0x00007ff8c51e0000 - 0x00007ff8c527d000 	C:\Program Files\JetBrains\PhpStorm 2021.3.1\jbr\bin\msvcp140.dll
0x00007ff8665b0000 - 0x00007ff867126000 	C:\Program Files\JetBrains\PhpStorm 2021.3.1\jbr\bin\server\jvm.dll
0x00007ff8d9400000 - 0x00007ff8d94ae000 	C:\WINDOWS\System32\ADVAPI32.dll
0x00007ff8d9740000 - 0x00007ff8d97de000 	C:\WINDOWS\System32\sechost.dll
0x00007ff8d92e0000 - 0x00007ff8d9400000 	C:\WINDOWS\System32\RPCRT4.dll
0x00007ff8d9560000 - 0x00007ff8d9568000 	C:\WINDOWS\System32\PSAPI.DLL
0x00007ff8d5a70000 - 0x00007ff8d5a79000 	C:\WINDOWS\SYSTEM32\WSOCK32.dll
0x00007ff8cf1a0000 - 0x00007ff8cf1d3000 	C:\WINDOWS\SYSTEM32\WINMM.dll
0x00007ff8cfc30000 - 0x00007ff8cfc3a000 	C:\WINDOWS\SYSTEM32\VERSION.dll
0x00007ff8dadd0000 - 0x00007ff8dae3f000 	C:\WINDOWS\System32\WS2_32.dll
0x00007ff8d7800000 - 0x00007ff8d7818000 	C:\WINDOWS\SYSTEM32\kernel.appcore.dll
0x00007ff8cd410000 - 0x00007ff8cd421000 	C:\Program Files\JetBrains\PhpStorm 2021.3.1\jbr\bin\verify.dll
0x00007ff8cc7f0000 - 0x00007ff8cca11000 	C:\WINDOWS\SYSTEM32\DBGHELP.DLL
0x00007ff8cdb00000 - 0x00007ff8cdb31000 	C:\WINDOWS\SYSTEM32\dbgcore.DLL
0x00007ff8d8770000 - 0x00007ff8d87ef000 	C:\WINDOWS\System32\bcryptPrimitives.dll
0x00007ff8cbf90000 - 0x00007ff8cbfb9000 	C:\Program Files\JetBrains\PhpStorm 2021.3.1\jbr\bin\java.dll
0x00007ff8d52a0000 - 0x00007ff8d52ab000 	C:\Program Files\JetBrains\PhpStorm 2021.3.1\jbr\bin\jimage.dll
0x00007ff8bced0000 - 0x00007ff8bcee8000 	C:\Program Files\JetBrains\PhpStorm 2021.3.1\jbr\bin\zip.dll

dbghelp: loaded successfully - version: 4.0.5 - missing functions: none
symbol engine: initialized successfully - sym options: 0x614 - pdb path: .;C:\Program Files\JetBrains\PhpStorm 2021.3.1\jbr\bin;C:\WINDOWS\SYSTEM32;C:\WINDOWS\WinSxS\amd64_microsoft.windows.common-controls_6595b64144ccf1df_6.0.22000.120_none_9d947278b86cc467;C:\Program Files\JetBrains\PhpStorm 2021.3.1\jbr\bin\server

VM Arguments:
java_command: git4idea.http.GitAskPassApp Username for 'https://github.com': 
java_class_path (initial): C:/Program Files/JetBrains/PhpStorm 2021.3.1/plugins/git4idea/lib/git4idea-rt.jar;C:/Program Files/JetBrains/PhpStorm 2021.3.1/lib/3rd-party.jar;C:/Program Files/JetBrains/PhpStorm 2021.3.1/lib/3rd-party-rt.jar
Launcher Type: SUN_STANDARD

[Global flags]
     intx CICompilerCount                          = 4                                         {product} {ergonomic}
     uint ConcGCThreads                            = 3                                         {product} {ergonomic}
     uint G1ConcRefinementThreads                  = 10                                        {product} {ergonomic}
   size_t G1HeapRegionSize                         = 2097152                                   {product} {ergonomic}
    uintx GCDrainStackTargetSize                   = 64                                        {product} {ergonomic}
   size_t InitialHeapSize                          = 536870912                                 {product} {ergonomic}
   size_t MarkStackSize                            = 4194304                                   {product} {ergonomic}
   size_t MaxHeapSize                              = 8571060224                                {product} {ergonomic}
   size_t MinHeapDeltaBytes                        = 2097152                                   {product} {ergonomic}
    uintx NonNMethodCodeHeapSize                   = 5836300                                {pd product} {ergonomic}
    uintx NonProfiledCodeHeapSize                  = 122910970                              {pd product} {ergonomic}
    uintx ProfiledCodeHeapSize                     = 122910970                              {pd product} {ergonomic}
    uintx ReservedCodeCacheSize                    = 251658240                              {pd product} {ergonomic}
     bool SegmentedCodeCache                       = true                                      {product} {ergonomic}
     bool UseCompressedClassPointers               = true                                 {lp64_product} {ergonomic}
     bool UseCompressedOops                        = true                                 {lp64_product} {ergonomic}
     bool UseG1GC                                  = true                                      {product} {ergonomic}
     bool UseLargePagesIndividualAllocation        = false                                  {pd product} {ergonomic}

Logging:
Log output configuration:
 #0: stdout all=warning uptime,level,tags
 #1: stderr all=off uptime,level,tags

Environment Variables:
PATH=C:\Program Files\Git\mingw64\libexec\git-core;C:\Program Files\Git\mingw64\libexec\git-core;C:\Program Files\Git\mingw64\bin;C:\Program Files\Git\usr\bin;C:\Users\AUGUSTINE\bin;C:\Program Files (x86)\Razer\ChromaBroadcast\bin;C:\Program Files\Razer\ChromaBroadcast\bin;C:\Program Files\NVIDIA GPU Computing Toolkit\CUDA\v11.5\bin;C:\Program Files\NVIDIA GPU Computing Toolkit\CUDA\v11.5\libnvvp;C:\Program Files\Common Files\Oracle\Java\javapath;C:\WINDOWS\system32;C:\WINDOWS;C:\WINDOWS\System32\Wbem;C:\WINDOWS\System32\WindowsPowerShell\v1.0;C:\WINDOWS\System32\OpenSSH;C:\Program Files (x86)\Yarn\bin;C:\xampp\php74;C:\ProgramData\ComposerSetup\bin;C:\Program Files\Git\cmd;C:\Program Files\Microsoft VS Code\bin;C:\Program Files\dotnet;C:\Program Files\NVIDIA Corporation\Nsight Compute 2021.3.1;C:\Program Files (x86)\NVIDIA Corporation\PhysX\Common;C:\Program Files\NVIDIA Corporation\NVIDIA NvDLISR;C:\Users\AUGUSTINE\AppData\Roaming\nvm;C:\Program Files\nodejs;C:\Users\AUGUSTINE\AppData\Local\Programs\Python\Python39\Scripts;C:\Users\AUGUSTINE\AppData\Local\Programs\Python\Python39;C:\src\flutter\bin;C:\Python27;C:\Users\AUGUSTINE\.dotnet\tools;C:\Users\AUGUSTINE\AppData\Roaming\Composer\vendor;C:\Users\AUGUSTINE\AppData\Local\Programs\Python\Python39\Scripts;C:\Users\AUGUSTINE\AppData\Local\Programs\Python\Python39;C:\src\flutter\bin;C:\Python27;C:\Users\AUGUSTINE\.dotnet\tools;C:\Users\AUGUSTINE\AppData\Roaming\nvm;C:\Program Files\nodejs;C:\Users\AUGUSTINE\AppData\Roaming\Composer\vendor
USERNAME=AUGUSTINE
DISPLAY=:0.0
LC_ALL=en_US.UTF-8
OS=Windows_NT
PROCESSOR_IDENTIFIER=AMD64 Family 23 Model 113 Stepping 0, AuthenticAMD



---------------  S Y S T E M  ---------------

OS: Windows 11 , 64 bit Build 22000 (10.0.22000.434)
OS uptime: 2 days 7:58 hours
Hyper-V role detected

CPU:total 12 (initial active 12) (12 cores per cpu, 2 threads per core) family 23 model 113 stepping 0 microcode 0x0, cmov, cx8, fxsr, mmx, sse, sse2, sse3, ssse3, sse4.1, sse4.2, popcnt, avx, avx2, aes, clmul, mmxext, 3dnowpref, lzcnt, sse4a, ht, tsc, tscinvbit, tscinv, bmi1, bmi2, adx, sha, fma

Memory: 4k page, system-wide physical 32694M (15658M free)
TotalPageFile size 92158M (AvailPageFile size 183M)
current process WorkingSet (physical memory assigned to process): 10M, peak: 10M
current process commit charge ("private bytes"): 64M, peak: 576M

vm_info: OpenJDK 64-Bit Server VM (11.0.13+7-b1751.25) for windows-amd64 JRE (11.0.13+7-b1751.25), built on Jan 13 2022 20:47:27 by "" with MS VC++ 14.0 (VS2015)

END.
